C:\USERS\BINGHUAN\DOCUMENTS\GITHUB\IEEXTENSIONHELPER\BHOINCPP\DEBUG\IEMANIFESTPARSER.OBJ
C:\USERS\BINGHUAN\DOCUMENTS\GITHUB\IEEXTENSIONHELPER\BHOINCPP\DEBUG\CATHELP.OBJ
C:\USERS\BINGHUAN\DOCUMENTS\GITHUB\IEEXTENSIONHELPER\BHOINCPP\DEBUG\CLASSFACTORY.OBJ
C:\USERS\BINGHUAN\DOCUMENTS\GITHUB\IEEXTENSIONHELPER\BHOINCPP\DEBUG\EVENTSINK.OBJ
C:\USERS\BINGHUAN\DOCUMENTS\GITHUB\IEEXTENSIONHELPER\BHOINCPP\DEBUG\EXTERNALFUNCTION.OBJ
C:\USERS\BINGHUAN\DOCUMENTS\GITHUB\IEEXTENSIONHELPER\BHOINCPP\DEBUG\DOCUIHANDLER.OBJ
C:\USERS\BINGHUAN\DOCUMENTS\GITHUB\IEEXTENSIONHELPER\BHOINCPP\DEBUG\MAIN.OBJ
C:\USERS\BINGHUAN\DOCUMENTS\GITHUB\IEEXTENSIONHELPER\BHOINCPP\DEBUG\BHO.OBJ
C:\USERS\BINGHUAN\DOCUMENTS\GITHUB\IEEXTENSIONHELPER\BHOINCPP\DEBUG\TOOLBARBUTTON.OBJ
C:\USERS\BINGHUAN\DOCUMENTS\GITHUB\IEEXTENSIONHELPER\BHOINCPP\DEBUG\VC110.PDB
C:\Users\binghuan\Documents\GitHub\IeExtensionHelper\Debug\IeExtension.lib
C:\Users\binghuan\Documents\GitHub\IeExtensionHelper\Debug\IeExtension.exp
C:\USERS\BINGHUAN\DOCUMENTS\GITHUB\IEEXTENSIONHELPER\DEBUG\IEEXTENSION.ILK
C:\USERS\BINGHUAN\DOCUMENTS\GITHUB\IEEXTENSIONHELPER\DEBUG\IEEXTENSION.DLL
C:\USERS\BINGHUAN\DOCUMENTS\GITHUB\IEEXTENSIONHELPER\DEBUG\IEEXTENSION.PDB
C:\Users\binghuan\Documents\GitHub\IeExtensionHelper\BHOinCPP\Debug\BHO.obj
C:\Users\binghuan\Documents\GitHub\IeExtensionHelper\BHOinCPP\Debug\Cathelp.obj
C:\Users\binghuan\Documents\GitHub\IeExtensionHelper\BHOinCPP\Debug\ClassFactory.obj
C:\Users\binghuan\Documents\GitHub\IeExtensionHelper\BHOinCPP\Debug\DocUIHandler.obj
C:\Users\binghuan\Documents\GitHub\IeExtensionHelper\BHOinCPP\Debug\EventSink.obj
C:\Users\binghuan\Documents\GitHub\IeExtensionHelper\BHOinCPP\Debug\ExternalFunction.obj
C:\Users\binghuan\Documents\GitHub\IeExtensionHelper\BHOinCPP\Debug\IeManifestParser.obj
C:\Users\binghuan\Documents\GitHub\IeExtensionHelper\BHOinCPP\Debug\main.obj
C:\Users\binghuan\Documents\GitHub\IeExtensionHelper\BHOinCPP\Debug\ToolbarButton.obj
C:\Users\binghuan\Documents\GitHub\IeExtensionHelper\BHOinCPP\Debug\cl.command.1.tlog
C:\Users\binghuan\Documents\GitHub\IeExtensionHelper\BHOinCPP\Debug\CL.read.1.tlog
C:\Users\binghuan\Documents\GitHub\IeExtensionHelper\BHOinCPP\Debug\CL.write.1.tlog
C:\Users\binghuan\Documents\GitHub\IeExtensionHelper\BHOinCPP\Debug\IeExtension.write.1.tlog
C:\Users\binghuan\Documents\GitHub\IeExtensionHelper\BHOinCPP\Debug\link-cvtres.read.1.tlog
C:\Users\binghuan\Documents\GitHub\IeExtensionHelper\BHOinCPP\Debug\link-cvtres.write.1.tlog
C:\Users\binghuan\Documents\GitHub\IeExtensionHelper\BHOinCPP\Debug\link-rc.read.1.tlog
C:\Users\binghuan\Documents\GitHub\IeExtensionHelper\BHOinCPP\Debug\link-rc.write.1.tlog
C:\Users\binghuan\Documents\GitHub\IeExtensionHelper\BHOinCPP\Debug\link.command.1.tlog
C:\Users\binghuan\Documents\GitHub\IeExtensionHelper\BHOinCPP\Debug\link.read.1.tlog
C:\Users\binghuan\Documents\GitHub\IeExtensionHelper\BHOinCPP\Debug\link.write.1.tlog
C:\Users\binghuan\Documents\GitHub\IeExtensionHelper\BHOinCPP\Debug\vc110.idb
C:\Users\binghuan\Documents\GitHub\IeExtensionHelper\BHOinCPP\Debug\vc110.pdb
C:\Users\binghuan\Documents\GitHub\IeExtensionHelper\Debug\IeExtension.pdb
C:\Users\binghuan\Documents\GitHub\IeExtensionHelper\Debug\IeExtension.dll
C:\Users\binghuan\Documents\GitHub\IeExtensionHelper\Debug\IeExtension.ilk
