C:\USERS\BINGHUAN\DOCUMENTS\GITHUB\IEEXTENSIONHELPER\EXTENSIONREGISTER\DEBUG\EXTREG.PCH
C:\USERS\BINGHUAN\DOCUMENTS\GITHUB\IEEXTENSIONHELPER\EXTENSIONREGISTER\DEBUG\STDAFX.OBJ
C:\USERS\BINGHUAN\DOCUMENTS\GITHUB\IEEXTENSIONHELPER\EXTENSIONREGISTER\DEBUG\VC110.PDB
C:\USERS\BINGHUAN\DOCUMENTS\GITHUB\IEEXTENSIONHELPER\EXTENSIONREGISTER\DEBUG\MAIN.OBJ
C:\USERS\BINGHUAN\DOCUMENTS\GITHUB\IEEXTENSIONHELPER\EXTENSIONREGISTER\DEBUG\IEMANIFESTPARSER.OBJ
C:\USERS\BINGHUAN\DOCUMENTS\GITHUB\IEEXTENSIONHELPER\DEBUG\EXTREG.ILK
C:\USERS\BINGHUAN\DOCUMENTS\GITHUB\IEEXTENSIONHELPER\DEBUG\EXTREG.EXE
C:\USERS\BINGHUAN\DOCUMENTS\GITHUB\IEEXTENSIONHELPER\DEBUG\EXTREG.PDB
C:\Users\binghuan\Documents\GitHub\IeExtensionHelper\ExtensionRegister\Debug\IeManifestParser.obj
C:\Users\binghuan\Documents\GitHub\IeExtensionHelper\ExtensionRegister\Debug\main.obj
C:\Users\binghuan\Documents\GitHub\IeExtensionHelper\ExtensionRegister\Debug\stdafx.obj
C:\Users\binghuan\Documents\GitHub\IeExtensionHelper\ExtensionRegister\Debug\cl.command.1.tlog
C:\Users\binghuan\Documents\GitHub\IeExtensionHelper\ExtensionRegister\Debug\CL.read.1.tlog
C:\Users\binghuan\Documents\GitHub\IeExtensionHelper\ExtensionRegister\Debug\CL.write.1.tlog
C:\Users\binghuan\Documents\GitHub\IeExtensionHelper\ExtensionRegister\Debug\link-cvtres.read.1.tlog
C:\Users\binghuan\Documents\GitHub\IeExtensionHelper\ExtensionRegister\Debug\link-cvtres.write.1.tlog
C:\Users\binghuan\Documents\GitHub\IeExtensionHelper\ExtensionRegister\Debug\link-rc.read.1.tlog
C:\Users\binghuan\Documents\GitHub\IeExtensionHelper\ExtensionRegister\Debug\link-rc.write.1.tlog
C:\Users\binghuan\Documents\GitHub\IeExtensionHelper\ExtensionRegister\Debug\link.14512-cvtres.read.1.tlog
C:\Users\binghuan\Documents\GitHub\IeExtensionHelper\ExtensionRegister\Debug\link.14512-cvtres.write.1.tlog
C:\Users\binghuan\Documents\GitHub\IeExtensionHelper\ExtensionRegister\Debug\link.14512-rc.read.1.tlog
C:\Users\binghuan\Documents\GitHub\IeExtensionHelper\ExtensionRegister\Debug\link.14512-rc.write.1.tlog
C:\Users\binghuan\Documents\GitHub\IeExtensionHelper\ExtensionRegister\Debug\link.14512.read.1.tlog
C:\Users\binghuan\Documents\GitHub\IeExtensionHelper\ExtensionRegister\Debug\link.14512.write.1.tlog
C:\Users\binghuan\Documents\GitHub\IeExtensionHelper\ExtensionRegister\Debug\link.command.1.tlog
C:\Users\binghuan\Documents\GitHub\IeExtensionHelper\ExtensionRegister\Debug\link.read.1.tlog
C:\Users\binghuan\Documents\GitHub\IeExtensionHelper\ExtensionRegister\Debug\link.write.1.tlog
C:\Users\binghuan\Documents\GitHub\IeExtensionHelper\ExtensionRegister\Debug\extReg.pch
C:\Users\binghuan\Documents\GitHub\IeExtensionHelper\ExtensionRegister\Debug\vc110.idb
C:\Users\binghuan\Documents\GitHub\IeExtensionHelper\ExtensionRegister\Debug\vc110.pdb
C:\Users\binghuan\Documents\GitHub\IeExtensionHelper\Debug\extReg.pdb
C:\Users\binghuan\Documents\GitHub\IeExtensionHelper\Debug\extReg.exe
C:\Users\binghuan\Documents\GitHub\IeExtensionHelper\Debug\extReg.ilk
